SF:/home/gustavo/Projetos/DotNet/trilha-net-api-desafio/trilha-net-api-desafio.api/Program.cs
FN:8,System.Void Program::<Main>$(System.String[])
FNDA:0,System.Void Program::<Main>$(System.String[])
DA:9,0
DA:12,0
DA:13,0
DA:16,0
DA:17,0
DA:20,0
DA:22,0
DA:23,0
DA:24,0
DA:25,0
DA:26,0
DA:29,0
DA:30,0
DA:32,0
DA:35,0
DA:36,0
DA:37,0
DA:38,0
DA:39,0
DA:41,0
DA:43,0
DA:45,0
DA:47,0
BRDA:35,201,0,0
BRDA:35,201,1,0
LF:23
LH:0
BRF:2
BRH:0
FNF:1
FNH:0
end_of_record
SF:/home/gustavo/Projetos/DotNet/trilha-net-api-desafio/trilha-net-api-desafio.api/Models/Pessoa.cs
FN:9,System.Int32 TrilhaApiDesafio.Models.Pessoa::get_Id()
FNDA:60,System.Int32 TrilhaApiDesafio.Models.Pessoa::get_Id()
DA:10,60
FN:10,System.String TrilhaApiDesafio.Models.Pessoa::get_Nome()
FNDA:53,System.String TrilhaApiDesafio.Models.Pessoa::get_Nome()
DA:11,53
FN:11,System.String TrilhaApiDesafio.Models.Pessoa::get_CPF()
FNDA:56,System.String TrilhaApiDesafio.Models.Pessoa::get_CPF()
DA:12,56
FN:12,System.DateTime TrilhaApiDesafio.Models.Pessoa::get_DataNascimento()
FNDA:54,System.DateTime TrilhaApiDesafio.Models.Pessoa::get_DataNascimento()
DA:13,54
FN:16,System.Collections.Generic.ICollection`1<TrilhaApiDesafio.Models.Tarefa> TrilhaApiDesafio.Models.Pessoa::get_Tarefas()
FNDA:0,System.Collections.Generic.ICollection`1<TrilhaApiDesafio.Models.Tarefa> TrilhaApiDesafio.Models.Pessoa::get_Tarefas()
DA:17,0
LF:5
LH:4
BRF:0
BRH:0
FNF:5
FNH:4
end_of_record
SF:/home/gustavo/Projetos/DotNet/trilha-net-api-desafio/trilha-net-api-desafio.api/Models/PessoaValidator.cs
FN:7,System.Void TrilhaApiDesafio.Models.PessoaValidator::.ctor()
FNDA:2,System.Void TrilhaApiDesafio.Models.PessoaValidator::.ctor()
DA:8,2
DA:9,2
DA:10,2
DA:11,2
DA:13,2
DA:14,2
DA:15,2
DA:17,2
DA:18,2
DA:19,2
DA:21,2
DA:22,2
DA:23,2
DA:24,2
DA:25,2
LF:15
LH:15
BRF:0
BRH:0
FNF:1
FNH:1
end_of_record
SF:/home/gustavo/Projetos/DotNet/trilha-net-api-desafio/trilha-net-api-desafio.api/Models/Tarefa.cs
FN:10,System.Int32 TrilhaApiDesafio.Models.Tarefa::get_Id()
FNDA:93,System.Int32 TrilhaApiDesafio.Models.Tarefa::get_Id()
DA:11,93
FN:12,System.String TrilhaApiDesafio.Models.Tarefa::get_Titulo()
FNDA:87,System.String TrilhaApiDesafio.Models.Tarefa::get_Titulo()
DA:13,87
FN:14,System.String TrilhaApiDesafio.Models.Tarefa::get_Descricao()
FNDA:88,System.String TrilhaApiDesafio.Models.Tarefa::get_Descricao()
DA:15,88
FN:16,System.DateTime TrilhaApiDesafio.Models.Tarefa::get_Data()
FNDA:86,System.DateTime TrilhaApiDesafio.Models.Tarefa::get_Data()
DA:17,86
FN:18,TrilhaApiDesafio.Common.Enums.EnumStatusTarefa TrilhaApiDesafio.Models.Tarefa::get_Status()
FNDA:87,TrilhaApiDesafio.Common.Enums.EnumStatusTarefa TrilhaApiDesafio.Models.Tarefa::get_Status()
DA:19,87
FN:21,System.Nullable`1<System.Int32> TrilhaApiDesafio.Models.Tarefa::get_ResponsavelId()
FNDA:7,System.Nullable`1<System.Int32> TrilhaApiDesafio.Models.Tarefa::get_ResponsavelId()
DA:22,7
FN:25,TrilhaApiDesafio.Models.Pessoa TrilhaApiDesafio.Models.Tarefa::get_Responsavel()
FNDA:0,TrilhaApiDesafio.Models.Pessoa TrilhaApiDesafio.Models.Tarefa::get_Responsavel()
DA:26,0
LF:7
LH:6
BRF:0
BRH:0
FNF:7
FNH:6
end_of_record
SF:/home/gustavo/Projetos/DotNet/trilha-net-api-desafio/trilha-net-api-desafio.api/Models/TarefaValidator.cs
FN:6,System.Void TrilhaApiDesafio.Models.TarefaValidator::.ctor()
FNDA:5,System.Void TrilhaApiDesafio.Models.TarefaValidator::.ctor()
DA:7,5
DA:8,5
DA:9,5
DA:10,5
DA:12,5
DA:13,5
DA:14,5
DA:16,5
DA:17,5
DA:19,5
DA:20,5
DA:21,5
DA:23,5
DA:24,5
DA:25,5
LF:15
LH:15
BRF:0
BRH:0
FNF:1
FNH:1
end_of_record
SF:/home/gustavo/Projetos/DotNet/trilha-net-api-desafio/trilha-net-api-desafio.api/Controllers/PessoaController.cs
FN:19,Microsoft.AspNetCore.Mvc.IActionResult TrilhaApiDesafio.Controllers.PessoaController::Criar(TrilhaApiDesafio.Models.Pessoa)
FNDA:0,Microsoft.AspNetCore.Mvc.IActionResult TrilhaApiDesafio.Controllers.PessoaController::Criar(TrilhaApiDesafio.Models.Pessoa)
DA:20,0
DA:21,0
DA:22,0
DA:23,0
DA:24,0
DA:25,0
BRDA:22,22,0,0
BRDA:22,22,1,0
FN:28,Microsoft.AspNetCore.Mvc.IActionResult TrilhaApiDesafio.Controllers.PessoaController::Deletar(System.Int32)
FNDA:0,Microsoft.AspNetCore.Mvc.IActionResult TrilhaApiDesafio.Controllers.PessoaController::Deletar(System.Int32)
DA:29,0
DA:30,0
DA:31,0
DA:32,0
DA:33,0
DA:34,0
BRDA:31,22,0,0
BRDA:31,22,1,0
FN:37,Microsoft.AspNetCore.Mvc.IActionResult TrilhaApiDesafio.Controllers.PessoaController::ObterPorId(System.Int32)
FNDA:0,Microsoft.AspNetCore.Mvc.IActionResult TrilhaApiDesafio.Controllers.PessoaController::ObterPorId(System.Int32)
DA:38,0
DA:39,0
DA:40,0
DA:41,0
DA:43,0
DA:44,0
BRDA:40,20,0,0
BRDA:40,20,1,0
FN:47,Microsoft.AspNetCore.Mvc.IActionResult TrilhaApiDesafio.Controllers.PessoaController::ObterTodos()
FNDA:0,Microsoft.AspNetCore.Mvc.IActionResult TrilhaApiDesafio.Controllers.PessoaController::ObterTodos()
DA:48,0
DA:49,0
DA:50,0
DA:51,0
FN:12,System.Void TrilhaApiDesafio.Controllers.PessoaController::.ctor(TrilhaApiDesafio.Common.Services.Interfaces.IPessoaService)
FNDA:0,System.Void TrilhaApiDesafio.Controllers.PessoaController::.ctor(TrilhaApiDesafio.Common.Services.Interfaces.IPessoaService)
DA:13,0
DA:14,0
DA:15,0
DA:16,0
LF:26
LH:0
BRF:6
BRH:0
FNF:5
FNH:0
end_of_record
SF:/home/gustavo/Projetos/DotNet/trilha-net-api-desafio/trilha-net-api-desafio.api/Controllers/TarefaController.cs
FN:20,Microsoft.AspNetCore.Mvc.IActionResult TrilhaApiDesafio.Controllers.TarefaController::Criar(TrilhaApiDesafio.Models.Tarefa)
FNDA:0,Microsoft.AspNetCore.Mvc.IActionResult TrilhaApiDesafio.Controllers.TarefaController::Criar(TrilhaApiDesafio.Models.Tarefa)
DA:21,0
DA:22,0
DA:23,0
DA:24,0
DA:25,0
DA:26,0
BRDA:23,22,0,0
BRDA:23,22,1,0
FN:29,Microsoft.AspNetCore.Mvc.IActionResult TrilhaApiDesafio.Controllers.TarefaController::Atualizar(System.Int32,TrilhaApiDesafio.Models.Tarefa)
FNDA:0,Microsoft.AspNetCore.Mvc.IActionResult TrilhaApiDesafio.Controllers.TarefaController::Atualizar(System.Int32,TrilhaApiDesafio.Models.Tarefa)
DA:30,0
DA:31,0
DA:32,0
DA:33,0
DA:34,0
DA:35,0
BRDA:32,23,0,0
BRDA:32,23,1,0
FN:38,Microsoft.AspNetCore.Mvc.IActionResult TrilhaApiDesafio.Controllers.TarefaController::Deletar(System.Int32)
FNDA:0,Microsoft.AspNetCore.Mvc.IActionResult TrilhaApiDesafio.Controllers.TarefaController::Deletar(System.Int32)
DA:39,0
DA:40,0
DA:41,0
DA:42,0
DA:43,0
DA:44,0
BRDA:41,22,0,0
BRDA:41,22,1,0
FN:47,Microsoft.AspNetCore.Mvc.IActionResult TrilhaApiDesafio.Controllers.TarefaController::ObterPorId(System.Int32)
FNDA:0,Microsoft.AspNetCore.Mvc.IActionResult TrilhaApiDesafio.Controllers.TarefaController::ObterPorId(System.Int32)
DA:48,0
DA:49,0
DA:50,0
DA:51,0
DA:53,0
DA:54,0
BRDA:50,20,0,0
BRDA:50,20,1,0
FN:57,Microsoft.AspNetCore.Mvc.IActionResult TrilhaApiDesafio.Controllers.TarefaController::ObterTodos()
FNDA:1,Microsoft.AspNetCore.Mvc.IActionResult TrilhaApiDesafio.Controllers.TarefaController::ObterTodos()
DA:58,1
DA:59,1
DA:60,1
DA:61,1
FN:64,Microsoft.AspNetCore.Mvc.IActionResult TrilhaApiDesafio.Controllers.TarefaController::ObterPorTitulo(System.String)
FNDA:0,Microsoft.AspNetCore.Mvc.IActionResult TrilhaApiDesafio.Controllers.TarefaController::ObterPorTitulo(System.String)
DA:65,0
DA:66,0
DA:67,0
DA:68,0
DA:70,0
DA:71,0
BRDA:67,25,0,0
BRDA:67,25,1,0
FN:74,Microsoft.AspNetCore.Mvc.IActionResult TrilhaApiDesafio.Controllers.TarefaController::ObterPorData(System.DateTime)
FNDA:0,Microsoft.AspNetCore.Mvc.IActionResult TrilhaApiDesafio.Controllers.TarefaController::ObterPorData(System.DateTime)
DA:75,0
DA:76,0
DA:77,0
DA:78,0
DA:80,0
DA:81,0
BRDA:77,25,0,0
BRDA:77,25,1,0
FN:84,Microsoft.AspNetCore.Mvc.IActionResult TrilhaApiDesafio.Controllers.TarefaController::ObterPorStatus(TrilhaApiDesafio.Common.Enums.EnumStatusTarefa)
FNDA:0,Microsoft.AspNetCore.Mvc.IActionResult TrilhaApiDesafio.Controllers.TarefaController::ObterPorStatus(TrilhaApiDesafio.Common.Enums.EnumStatusTarefa)
DA:85,0
DA:86,0
DA:87,0
DA:88,0
DA:90,0
DA:91,0
BRDA:87,25,0,0
BRDA:87,25,1,0
FN:13,System.Void TrilhaApiDesafio.Controllers.TarefaController::.ctor(TrilhaApiDesafio.Common.Services.Interfaces.ITarefaService)
FNDA:1,System.Void TrilhaApiDesafio.Controllers.TarefaController::.ctor(TrilhaApiDesafio.Common.Services.Interfaces.ITarefaService)
DA:14,1
DA:15,1
DA:16,1
DA:17,1
LF:50
LH:8
BRF:14
BRH:0
FNF:9
FNH:2
end_of_record
SF:/home/gustavo/Projetos/DotNet/trilha-net-api-desafio/trilha-net-api-desafio.api/Context/OrganizadorContext.cs
FN:7,Microsoft.EntityFrameworkCore.DbSet`1<TrilhaApiDesafio.Models.Tarefa> TrilhaApiDesafio.Context.OrganizadorContext::get_Tarefas()
FNDA:36,Microsoft.EntityFrameworkCore.DbSet`1<TrilhaApiDesafio.Models.Tarefa> TrilhaApiDesafio.Context.OrganizadorContext::get_Tarefas()
DA:8,36
FN:8,Microsoft.EntityFrameworkCore.DbSet`1<TrilhaApiDesafio.Models.Pessoa> TrilhaApiDesafio.Context.OrganizadorContext::get_Pessoas()
FNDA:28,Microsoft.EntityFrameworkCore.DbSet`1<TrilhaApiDesafio.Models.Pessoa> TrilhaApiDesafio.Context.OrganizadorContext::get_Pessoas()
DA:9,28
FN:15,System.Void TrilhaApiDesafio.Context.OrganizadorContext::OnModelCreating(Microsoft.EntityFrameworkCore.ModelBuilder)
FNDA:2,System.Void TrilhaApiDesafio.Context.OrganizadorContext::OnModelCreating(Microsoft.EntityFrameworkCore.ModelBuilder)
DA:16,2
DA:17,2
DA:18,2
DA:19,2
DA:20,2
DA:21,2
DA:22,2
DA:23,4
DA:24,2
FN:10,System.Void TrilhaApiDesafio.Context.OrganizadorContext::.ctor(Microsoft.EntityFrameworkCore.DbContextOptions)
FNDA:17,System.Void TrilhaApiDesafio.Context.OrganizadorContext::.ctor(Microsoft.EntityFrameworkCore.DbContextOptions)
DA:11,17
DA:12,17
DA:13,17
LF:14
LH:14
BRF:0
BRH:0
FNF:4
FNH:4
end_of_record
SF:/home/gustavo/Projetos/DotNet/trilha-net-api-desafio/trilha-net-api-desafio.api/Common/Services/PessoaService.cs
FN:18,DotNetCore.Results.IResult`1<TrilhaApiDesafio.Models.Pessoa> TrilhaApiDesafio.Common.Services.PessoaService::Create(TrilhaApiDesafio.Models.Pessoa)
FNDA:2,DotNetCore.Results.IResult`1<TrilhaApiDesafio.Models.Pessoa> TrilhaApiDesafio.Common.Services.PessoaService::Create(TrilhaApiDesafio.Models.Pessoa)
DA:19,2
DA:20,2
DA:21,2
DA:22,1
DA:24,1
DA:25,1
DA:26,0
DA:28,1
DA:29,1
DA:30,1
DA:31,2
BRDA:21,39,0,1
BRDA:21,39,1,1
BRDA:25,206,0,0
BRDA:25,206,1,1
FN:33,DotNetCore.Results.IResult TrilhaApiDesafio.Common.Services.PessoaService::Delete(System.Int32)
FNDA:2,DotNetCore.Results.IResult TrilhaApiDesafio.Common.Services.PessoaService::Delete(System.Int32)
DA:34,2
DA:35,2
DA:36,2
DA:37,1
DA:39,1
DA:40,1
DA:41,1
DA:42,2
BRDA:36,25,0,1
BRDA:36,25,1,1
FN:44,TrilhaApiDesafio.Models.Pessoa TrilhaApiDesafio.Common.Services.PessoaService::GetById(System.Int32)
FNDA:2,TrilhaApiDesafio.Models.Pessoa TrilhaApiDesafio.Common.Services.PessoaService::GetById(System.Int32)
DA:45,2
DA:46,2
DA:47,2
FN:49,System.Collections.Generic.IEnumerable`1<TrilhaApiDesafio.Models.Pessoa> TrilhaApiDesafio.Common.Services.PessoaService::GetAll()
FNDA:1,System.Collections.Generic.IEnumerable`1<TrilhaApiDesafio.Models.Pessoa> TrilhaApiDesafio.Common.Services.PessoaService::GetAll()
DA:50,1
DA:51,1
DA:52,1
FN:54,System.Collections.Generic.IEnumerable`1<TrilhaApiDesafio.Models.Pessoa> TrilhaApiDesafio.Common.Services.PessoaService::GetPessoaByCPF(System.String)
FNDA:0,System.Collections.Generic.IEnumerable`1<TrilhaApiDesafio.Models.Pessoa> TrilhaApiDesafio.Common.Services.PessoaService::GetPessoaByCPF(System.String)
DA:55,0
DA:56,0
DA:57,0
FN:12,System.Void TrilhaApiDesafio.Common.Services.PessoaService::.ctor(TrilhaApiDesafio.Common.Repositories.Interfaces.IRepository`1<TrilhaApiDesafio.Models.Pessoa>)
FNDA:7,System.Void TrilhaApiDesafio.Common.Services.PessoaService::.ctor(TrilhaApiDesafio.Common.Repositories.Interfaces.IRepository`1<TrilhaApiDesafio.Models.Pessoa>)
DA:13,7
DA:14,7
DA:15,7
DA:16,7
LF:32
LH:28
BRF:6
BRH:5
FNF:6
FNH:5
end_of_record
SF:/home/gustavo/Projetos/DotNet/trilha-net-api-desafio/trilha-net-api-desafio.api/Common/Services/TarefaService.cs
FN:21,DotNetCore.Results.IResult`1<TrilhaApiDesafio.Models.Tarefa> TrilhaApiDesafio.Common.Services.TarefaService::CreateTarefa(TrilhaApiDesafio.Models.Tarefa)
FNDA:2,DotNetCore.Results.IResult`1<TrilhaApiDesafio.Models.Tarefa> TrilhaApiDesafio.Common.Services.TarefaService::CreateTarefa(TrilhaApiDesafio.Models.Tarefa)
DA:22,2
DA:23,2
DA:24,2
DA:25,1
DA:27,1
DA:28,0
DA:29,0
DA:30,0
DA:31,0
DA:33,0
DA:34,0
DA:36,1
DA:37,1
DA:39,1
DA:40,2
BRDA:24,21,0,1
BRDA:24,21,1,1
BRDA:27,51,0,0
BRDA:30,87,0,0
BRDA:30,87,1,0
BRDA:27,51,1,1
FN:42,DotNetCore.Results.IResult`1<TrilhaApiDesafio.Models.Tarefa> TrilhaApiDesafio.Common.Services.TarefaService::UpdateTarefa(System.Int32,TrilhaApiDesafio.Models.Tarefa)
FNDA:3,DotNetCore.Results.IResult`1<TrilhaApiDesafio.Models.Tarefa> TrilhaApiDesafio.Common.Services.TarefaService::UpdateTarefa(System.Int32,TrilhaApiDesafio.Models.Tarefa)
DA:43,3
DA:44,3
DA:45,3
DA:46,1
DA:48,2
DA:49,2
DA:50,1
DA:52,1
DA:53,1
DA:54,1
DA:55,1
DA:57,1
DA:58,0
DA:59,0
DA:60,0
DA:61,0
DA:62,0
DA:63,0
DA:64,0
DA:66,0
DA:67,0
DA:68,0
DA:69,0
DA:70,0
DA:72,1
DA:73,1
DA:75,1
DA:76,0
DA:77,0
DA:78,0
DA:79,0
DA:81,1
DA:82,3
BRDA:45,21,0,1
BRDA:45,21,1,2
BRDA:49,61,0,1
BRDA:49,61,1,1
BRDA:57,150,0,0
BRDA:60,186,0,0
BRDA:60,186,1,0
BRDA:57,150,1,1
BRDA:75,286,0,0
BRDA:75,286,1,1
FN:84,DotNetCore.Results.IResult TrilhaApiDesafio.Common.Services.TarefaService::DeleteTarefa(System.Int32)
FNDA:2,DotNetCore.Results.IResult TrilhaApiDesafio.Common.Services.TarefaService::DeleteTarefa(System.Int32)
DA:85,2
DA:86,2
DA:87,2
DA:88,1
DA:90,1
DA:91,1
DA:92,1
DA:93,2
BRDA:87,25,0,1
BRDA:87,25,1,1
FN:95,TrilhaApiDesafio.Models.Tarefa TrilhaApiDesafio.Common.Services.TarefaService::GetTarefaById(System.Int32)
FNDA:2,TrilhaApiDesafio.Models.Tarefa TrilhaApiDesafio.Common.Services.TarefaService::GetTarefaById(System.Int32)
DA:96,2
DA:97,2
DA:98,2
DA:99,0
DA:100,0
DA:101,0
DA:102,0
DA:104,2
DA:105,2
BRDA:98,20,0,1
BRDA:98,20,1,1
BRDA:98,41,0,0
BRDA:98,41,1,2
FN:107,System.Collections.Generic.IEnumerable`1<TrilhaApiDesafio.Models.Tarefa> TrilhaApiDesafio.Common.Services.TarefaService::GetAllTarefas()
FNDA:1,System.Collections.Generic.IEnumerable`1<TrilhaApiDesafio.Models.Tarefa> TrilhaApiDesafio.Common.Services.TarefaService::GetAllTarefas()
DA:108,1
DA:109,1
DA:110,1
DA:111,3
DA:112,3
DA:113,0
DA:114,0
DA:115,0
DA:116,0
DA:117,4
DA:118,1
DA:119,1
FN:121,System.Collections.Generic.IEnumerable`1<TrilhaApiDesafio.Models.Tarefa> TrilhaApiDesafio.Common.Services.TarefaService::GetTarefaByData(System.DateTime)
FNDA:0,System.Collections.Generic.IEnumerable`1<TrilhaApiDesafio.Models.Tarefa> TrilhaApiDesafio.Common.Services.TarefaService::GetTarefaByData(System.DateTime)
DA:122,0
DA:123,0
DA:124,0
DA:125,0
DA:126,0
DA:127,0
DA:128,0
DA:129,0
DA:130,0
DA:131,0
DA:132,0
DA:133,0
BRDA:126,17,0,0
BRDA:126,17,1,0
FN:135,System.Collections.Generic.IEnumerable`1<TrilhaApiDesafio.Models.Tarefa> TrilhaApiDesafio.Common.Services.TarefaService::GetTarefaByStatus(TrilhaApiDesafio.Common.Enums.EnumStatusTarefa)
FNDA:0,System.Collections.Generic.IEnumerable`1<TrilhaApiDesafio.Models.Tarefa> TrilhaApiDesafio.Common.Services.TarefaService::GetTarefaByStatus(TrilhaApiDesafio.Common.Enums.EnumStatusTarefa)
DA:136,0
DA:137,0
DA:138,0
DA:139,0
DA:140,0
DA:141,0
DA:142,0
DA:143,0
DA:144,0
DA:145,0
DA:146,0
DA:147,0
BRDA:140,17,0,0
BRDA:140,17,1,0
FN:149,System.Collections.Generic.IEnumerable`1<TrilhaApiDesafio.Models.Tarefa> TrilhaApiDesafio.Common.Services.TarefaService::GetTarefaByTitulo(System.String)
FNDA:0,System.Collections.Generic.IEnumerable`1<TrilhaApiDesafio.Models.Tarefa> TrilhaApiDesafio.Common.Services.TarefaService::GetTarefaByTitulo(System.String)
DA:150,0
DA:151,0
DA:152,0
DA:153,0
DA:154,0
DA:155,0
DA:156,0
DA:157,0
DA:158,0
DA:159,0
DA:160,0
DA:161,0
BRDA:154,17,0,0
BRDA:154,17,1,0
FN:14,System.Void TrilhaApiDesafio.Common.Services.TarefaService::.ctor(TrilhaApiDesafio.Common.Repositories.Interfaces.IRepository`1<TrilhaApiDesafio.Models.Tarefa>,TrilhaApiDesafio.Common.Repositories.Interfaces.IRepository`1<TrilhaApiDesafio.Models.Pessoa>)
FNDA:10,System.Void TrilhaApiDesafio.Common.Services.TarefaService::.ctor(TrilhaApiDesafio.Common.Repositories.Interfaces.IRepository`1<TrilhaApiDesafio.Models.Tarefa>,TrilhaApiDesafio.Common.Repositories.Interfaces.IRepository`1<TrilhaApiDesafio.Models.Pessoa>)
DA:15,10
DA:16,10
DA:17,10
DA:18,10
DA:19,10
LF:118
LH:52
BRF:30
BRH:15
FNF:9
FNH:6
end_of_record
SF:/home/gustavo/Projetos/DotNet/trilha-net-api-desafio/trilha-net-api-desafio.api/Common/Repositories/Repository.cs
FN:20,T TrilhaApiDesafio.Common.Repositories.Repository`1::GetById(System.Object)
FNDA:10,T TrilhaApiDesafio.Common.Repositories.Repository`1::GetById(System.Object)
DA:21,10
DA:22,10
DA:23,10
FN:25,T TrilhaApiDesafio.Common.Repositories.Repository`1::GetById(System.Linq.Expressions.Expression`1<System.Func`2<T,System.Boolean>>,System.Linq.Expressions.Expression`1<System.Func`2<T,System.Object>>[])
FNDA:0,T TrilhaApiDesafio.Common.Repositories.Repository`1::GetById(System.Linq.Expressions.Expression`1<System.Func`2<T,System.Boolean>>,System.Linq.Expressions.Expression`1<System.Func`2<T,System.Object>>[])
DA:26,0
DA:27,0
DA:29,0
DA:30,0
DA:31,0
DA:32,0
DA:34,0
DA:35,0
DA:37,0
DA:39,0
DA:40,0
BRDA:29,85,1,0
BRDA:31,44,0,0
BRDA:31,44,1,0
BRDA:29,85,0,0
FN:42,T TrilhaApiDesafio.Common.Repositories.Repository`1::GetByIdAsNoTracking(System.Object)
FNDA:0,T TrilhaApiDesafio.Common.Repositories.Repository`1::GetByIdAsNoTracking(System.Object)
DA:43,0
DA:44,0
DA:45,0
DA:46,0
DA:47,0
FN:49,System.Collections.Generic.IEnumerable`1<T> TrilhaApiDesafio.Common.Repositories.Repository`1::GetAll()
FNDA:2,System.Collections.Generic.IEnumerable`1<T> TrilhaApiDesafio.Common.Repositories.Repository`1::GetAll()
DA:50,2
DA:51,2
DA:52,2
FN:54,System.Collections.Generic.IEnumerable`1<T> TrilhaApiDesafio.Common.Repositories.Repository`1::GetWithRawSql(System.String,System.Object[])
FNDA:0,System.Collections.Generic.IEnumerable`1<T> TrilhaApiDesafio.Common.Repositories.Repository`1::GetWithRawSql(System.String,System.Object[])
DA:55,0
DA:56,0
DA:57,0
FN:62,System.Collections.Generic.IEnumerable`1<T> TrilhaApiDesafio.Common.Repositories.Repository`1::Get(System.Linq.Expressions.Expression`1<System.Func`2<T,System.Boolean>>,System.Func`2<System.Linq.IQueryable`1<T>,System.Linq.IOrderedQueryable`1<T>>,System.Linq.Expressions.Expression`1<System.Func`2<T,System.Object>>[])
FNDA:1,System.Collections.Generic.IEnumerable`1<T> TrilhaApiDesafio.Common.Repositories.Repository`1::Get(System.Linq.Expressions.Expression`1<System.Func`2<T,System.Boolean>>,System.Func`2<System.Linq.IQueryable`1<T>,System.Linq.IOrderedQueryable`1<T>>,System.Linq.Expressions.Expression`1<System.Func`2<T,System.Object>>[])
DA:63,1
DA:64,1
DA:66,1
DA:67,1
DA:68,1
DA:69,1
DA:71,3
DA:72,0
DA:73,0
DA:74,0
DA:76,1
DA:77,0
DA:78,0
DA:81,1
DA:82,1
DA:84,1
BRDA:66,14,0,1
BRDA:66,14,1,1
BRDA:71,57,1,0
BRDA:71,57,0,1
BRDA:76,67,0,0
BRDA:76,67,1,1
FN:113,System.Boolean TrilhaApiDesafio.Common.Repositories.Repository`1::Any(System.Linq.Expressions.Expression`1<System.Func`2<T,System.Boolean>>)
FNDA:0,System.Boolean TrilhaApiDesafio.Common.Repositories.Repository`1::Any(System.Linq.Expressions.Expression`1<System.Func`2<T,System.Boolean>>)
DA:114,0
DA:115,0
DA:116,0
DA:118,0
DA:119,0
BRDA:115,7,0,0
BRDA:115,7,1,0
FN:121,T TrilhaApiDesafio.Common.Repositories.Repository`1::Create(T)
FNDA:2,T TrilhaApiDesafio.Common.Repositories.Repository`1::Create(T)
DA:122,2
DA:123,2
DA:124,2
DA:125,2
FN:127,System.Void TrilhaApiDesafio.Common.Repositories.Repository`1::Update(T)
FNDA:1,System.Void TrilhaApiDesafio.Common.Repositories.Repository`1::Update(T)
DA:128,1
DA:129,1
DA:130,1
DA:131,1
FN:133,System.Void TrilhaApiDesafio.Common.Repositories.Repository`1::Delete(System.Object)
FNDA:0,System.Void TrilhaApiDesafio.Common.Repositories.Repository`1::Delete(System.Object)
DA:134,0
DA:135,0
DA:136,0
DA:137,0
FN:139,System.Void TrilhaApiDesafio.Common.Repositories.Repository`1::Delete(T)
FNDA:2,System.Void TrilhaApiDesafio.Common.Repositories.Repository`1::Delete(T)
DA:140,2
DA:141,2
DA:142,2
DA:143,2
FN:145,System.Void TrilhaApiDesafio.Common.Repositories.Repository`1::Save()
FNDA:5,System.Void TrilhaApiDesafio.Common.Repositories.Repository`1::Save()
DA:146,5
DA:147,5
DA:148,5
FN:152,System.Void TrilhaApiDesafio.Common.Repositories.Repository`1::Dispose(System.Boolean)
FNDA:0,System.Void TrilhaApiDesafio.Common.Repositories.Repository`1::Dispose(System.Boolean)
DA:153,0
DA:154,0
DA:155,0
DA:156,0
DA:157,0
DA:158,0
DA:159,0
DA:160,0
DA:161,0
DA:162,0
BRDA:154,12,0,0
BRDA:156,18,0,0
BRDA:156,18,1,0
BRDA:154,12,1,0
FN:164,System.Void TrilhaApiDesafio.Common.Repositories.Repository`1::Dispose()
FNDA:0,System.Void TrilhaApiDesafio.Common.Repositories.Repository`1::Dispose()
DA:165,0
DA:166,0
DA:167,0
DA:168,0
FN:12,System.Void TrilhaApiDesafio.Common.Repositories.Repository`1::.ctor(TrilhaApiDesafio.Context.OrganizadorContext)
FNDA:27,System.Void TrilhaApiDesafio.Common.Repositories.Repository`1::.ctor(TrilhaApiDesafio.Context.OrganizadorContext)
DA:13,27
DA:14,27
DA:15,27
DA:16,27
DA:17,27
DA:18,27
DA:150,27
FN:89,System.Void TrilhaApiDesafio.Common.Repositories.Repository`1/<GetAsync>d__9::MoveNext()
FNDA:0,System.Void TrilhaApiDesafio.Common.Repositories.Repository`1/<GetAsync>d__9::MoveNext()
DA:90,0
DA:91,0
DA:93,0
DA:94,0
DA:95,0
DA:96,0
DA:98,0
DA:99,0
DA:100,0
DA:101,0
DA:103,0
DA:104,0
DA:105,0
DA:108,0
DA:109,0
DA:111,0
BRDA:93,57,0,0
BRDA:93,57,1,0
BRDA:98,185,1,0
BRDA:98,185,0,0
BRDA:103,205,0,0
BRDA:103,205,1,0
LF:102
LH:39
BRF:22
BRH:4
FNF:16
FNH:8
end_of_record